GROUP,PACKAGE,CLASS,INSTRUCTION_MISSED,INSTRUCTION_COVERED,BRANCH_MISSED,BRANCH_COVERED,LINE_MISSED,LINE_COVERED,COMPLEXITY_MISSED,COMPLEXITY_COVERED,METHOD_MISSED,METHOD_COVERED
backend,de.jonashackt.springbootvuejs.controller,BackendController,0,44,0,0,0,9,0,5,0,5
backend,de.jonashackt.springbootvuejs,SpringBootVuejsApplication.new WebMvcConfigurerAdapter() {...},0,18,0,0,0,3,0,2,0,2
backend,de.jonashackt.springbootvuejs,SpringBootVuejsApplication,5,8,0,0,2,2,1,2,1,2
backend,de.jonashackt.springbootvuejs.domain,User,0,54,0,0,0,16,0,9,0,9
